<?xml version="1.0" encoding="utf-8" standalone="no"?>
<test-results xmlns:xsi="http://www.w3.org/2001/XMLSchema-instance" xsi:noNamespaceSchemaLocation="nunit_schema_2.5.xsd" name="Pester" total="1" errors="0" failures="1" not-run="0" inconclusive="0" ignored="0" skipped="0" invalid="0" date="2021-05-04" time="10:08:43">
  <environment cwd="C:\Users\brian\OneDrive\Projects\PSBLENDER" nunit-version="2.5.8.0" clr-version="Unknown" os-version="10.0.19042" user-domain="FIREBASE" machine-name="FIREBASE" user="brian" platform="Microsoft Windows 10 Pro|C:\windows|\Device\Harddisk0\Partition3" />
  <culture-info current-culture="en-US" current-uiculture="en-US" />
  <test-suite type="TestFixture" name="Pester" executed="True" result="Failure" success="False" time="2553.9676" asserts="0" description="Pester">
    <results>
      <test-suite type="TestFixture" name="C:\Users\brian\OneDrive\Projects\PSBLENDER\PSBLENDER.Tests.ps1" executed="True" result="Failure" success="False" time="2553.9676" asserts="0" description="C:\Users\brian\OneDrive\Projects\PSBLENDER\PSBLENDER.Tests.ps1">
        <results>
          <test-suite type="TestFixture" name="New-PSBlenderBenchmark" executed="True" result="Failure" success="False" time="0.2882" asserts="0" description="New-PSBlenderBenchmark">
            <results>
              <test-case description="renders an image to file while measuring the command execution time." name="New-PSBlenderBenchmark.renders an image to file while measuring the command execution time." time="0.1333" asserts="0" success="False" result="Failure" executed="True">
                <failure>
                  <message>CommandNotFoundException: The term 'New-PSBlenderBenchmark' is not recognized as a name of a cmdlet, function, script file, or executable program.
Check the spelling of the name, or if a path was included, verify that the path is correct and try again.</message>
                  <stack-trace>at &lt;ScriptBlock&gt;, C:\Users\brian\OneDrive\Projects\PSBLENDER\PSBLENDER.Tests.ps1:7</stack-trace>
                </failure>
              </test-case>
            </results>
          </test-suite>
        </results>
      </test-suite>
    </results>
  </test-suite>
</test-results>